{"level":"info","message":"API Gateway running on port 3000","service":"api-gateway","timestamp":"2025-12-26T19:42:02.041Z"}
{"level":"info","message":"API Gateway forwarding /v1/auth requests to Identity Service at undefined","service":"api-gateway","timestamp":"2025-12-26T19:42:02.043Z"}
{"level":"info","message":"REDIS URL: redis://localhost:6379","service":"api-gateway","timestamp":"2025-12-26T19:42:02.044Z"}
{"code":"ECONNREFUSED","level":"error","message":"API GATEWAY Redis connection error:","service":"api-gateway","stack":"AggregateError [ECONNREFUSED]: \n    at internalConnectMultiple (node:net:1134:18)\n    at afterConnectMultiple (node:net:1715:7)","timestamp":"2025-12-26T19:42:02.052Z"}
{"code":"ECONNREFUSED","level":"error","message":"API GATEWAY Redis connection error:","service":"api-gateway","stack":"AggregateError [ECONNREFUSED]: \n    at internalConnectMultiple (node:net:1134:18)\n    at afterConnectMultiple (node:net:1715:7)","timestamp":"2025-12-26T19:42:02.117Z"}
{"code":"ECONNREFUSED","level":"error","message":"API GATEWAY Redis connection error:","service":"api-gateway","stack":"AggregateError [ECONNREFUSED]: \n    at internalConnectMultiple (node:net:1134:18)\n    at afterConnectMultiple (node:net:1715:7)","timestamp":"2025-12-26T19:42:02.227Z"}
{"code":"ECONNREFUSED","level":"error","message":"API GATEWAY Redis connection error:","service":"api-gateway","stack":"AggregateError [ECONNREFUSED]: \n    at internalConnectMultiple (node:net:1134:18)\n    at afterConnectMultiple (node:net:1715:7)","timestamp":"2025-12-26T19:42:02.383Z"}
{"code":"ECONNREFUSED","level":"error","message":"API GATEWAY Redis connection error:","service":"api-gateway","stack":"AggregateError [ECONNREFUSED]: \n    at internalConnectMultiple (node:net:1134:18)\n    at afterConnectMultiple (node:net:1715:7)","timestamp":"2025-12-26T19:42:02.587Z"}
{"code":"ECONNREFUSED","level":"error","message":"API GATEWAY Redis connection error:","service":"api-gateway","stack":"AggregateError [ECONNREFUSED]: \n    at internalConnectMultiple (node:net:1134:18)\n    at afterConnectMultiple (node:net:1715:7)","timestamp":"2025-12-26T19:42:02.853Z"}
{"code":"ECONNREFUSED","level":"error","message":"API GATEWAY Redis connection error:","service":"api-gateway","stack":"AggregateError [ECONNREFUSED]: \n    at internalConnectMultiple (node:net:1134:18)\n    at afterConnectMultiple (node:net:1715:7)","timestamp":"2025-12-26T19:42:03.167Z"}
{"code":"ECONNREFUSED","level":"error","message":"API GATEWAY Redis connection error:","service":"api-gateway","stack":"AggregateError [ECONNREFUSED]: \n    at internalConnectMultiple (node:net:1134:18)\n    at afterConnectMultiple (node:net:1715:7)","timestamp":"2025-12-26T19:42:03.529Z"}
{"code":"ECONNREFUSED","level":"error","message":"API GATEWAY Redis connection error:","service":"api-gateway","stack":"AggregateError [ECONNREFUSED]: \n    at internalConnectMultiple (node:net:1134:18)\n    at afterConnectMultiple (node:net:1715:7)","timestamp":"2025-12-26T19:42:03.940Z"}
{"code":"ECONNREFUSED","level":"error","message":"API GATEWAY Redis connection error:","service":"api-gateway","stack":"AggregateError [ECONNREFUSED]: \n    at internalConnectMultiple (node:net:1134:18)\n    at afterConnectMultiple (node:net:1715:7)","timestamp":"2025-12-26T19:42:04.395Z"}
{"code":"ECONNREFUSED","level":"error","message":"API GATEWAY Redis connection error:","service":"api-gateway","stack":"AggregateError [ECONNREFUSED]: \n    at internalConnectMultiple (node:net:1134:18)\n    at afterConnectMultiple (node:net:1715:7)","timestamp":"2025-12-26T19:42:04.909Z"}
{"code":"ECONNREFUSED","level":"error","message":"API GATEWAY Redis connection error:","service":"api-gateway","stack":"AggregateError [ECONNREFUSED]: \n    at internalConnectMultiple (node:net:1134:18)\n    at afterConnectMultiple (node:net:1715:7)","timestamp":"2025-12-26T19:42:05.473Z"}
{"code":"ECONNREFUSED","level":"error","message":"API GATEWAY Redis connection error:","service":"api-gateway","stack":"AggregateError [ECONNREFUSED]: \n    at internalConnectMultiple (node:net:1134:18)\n    at afterConnectMultiple (node:net:1715:7)","timestamp":"2025-12-26T19:42:06.084Z"}
{"code":"ECONNREFUSED","level":"error","message":"API GATEWAY Redis connection error:","service":"api-gateway","stack":"AggregateError [ECONNREFUSED]: \n    at internalConnectMultiple (node:net:1134:18)\n    at afterConnectMultiple (node:net:1715:7)","timestamp":"2025-12-26T19:42:06.747Z"}
{"code":"ECONNREFUSED","level":"error","message":"API GATEWAY Redis connection error:","service":"api-gateway","stack":"AggregateError [ECONNREFUSED]: \n    at internalConnectMultiple (node:net:1134:18)\n    at afterConnectMultiple (node:net:1715:7)","timestamp":"2025-12-26T19:42:07.455Z"}
{"code":"ECONNREFUSED","level":"error","message":"API GATEWAY Redis connection error:","service":"api-gateway","stack":"AggregateError [ECONNREFUSED]: \n    at internalConnectMultiple (node:net:1134:18)\n    at afterConnectMultiple (node:net:1715:7)","timestamp":"2025-12-26T19:42:08.223Z"}
{"code":"ECONNREFUSED","level":"error","message":"API GATEWAY Redis connection error:","service":"api-gateway","stack":"AggregateError [ECONNREFUSED]: \n    at internalConnectMultiple (node:net:1134:18)\n    at afterConnectMultiple (node:net:1715:7)","timestamp":"2025-12-26T19:42:09.039Z"}
{"code":"ECONNREFUSED","level":"error","message":"API GATEWAY Redis connection error:","service":"api-gateway","stack":"AggregateError [ECONNREFUSED]: \n    at internalConnectMultiple (node:net:1134:18)\n    at afterConnectMultiple (node:net:1715:7)","timestamp":"2025-12-26T19:42:09.899Z"}
{"code":"ECONNREFUSED","level":"error","message":"API GATEWAY Redis connection error:","service":"api-gateway","stack":"AggregateError [ECONNREFUSED]: \n    at internalConnectMultiple (node:net:1134:18)\n    at afterConnectMultiple (node:net:1715:7)","timestamp":"2025-12-26T19:42:10.807Z"}
{"code":"ECONNREFUSED","level":"error","message":"API GATEWAY Redis connection error:","service":"api-gateway","stack":"AggregateError [ECONNREFUSED]: \n    at internalConnectMultiple (node:net:1134:18)\n    at afterConnectMultiple (node:net:1715:7)","timestamp":"2025-12-26T19:42:11.769Z"}
{"level":"info","message":"API GATEWAY Connected to Redis","service":"api-gateway","timestamp":"2025-12-26T19:42:12.790Z"}
{"level":"info","message":"API Gateway running on port 3000","service":"api-gateway","timestamp":"2025-12-26T19:42:34.158Z"}
{"level":"info","message":"API Gateway forwarding /v1/auth requests to Identity Service at undefined","service":"api-gateway","timestamp":"2025-12-26T19:42:34.160Z"}
{"level":"info","message":"REDIS URL: redis://localhost:6379","service":"api-gateway","timestamp":"2025-12-26T19:42:34.161Z"}
{"level":"info","message":"API GATEWAY Connected to Redis","service":"api-gateway","timestamp":"2025-12-26T19:42:34.166Z"}
{"level":"info","message":"API Gateway running on port 3000","service":"api-gateway","timestamp":"2025-12-26T19:43:34.598Z"}
{"level":"info","message":"API Gateway forwarding /v1/auth requests to Identity Service at http://localhost:3001","service":"api-gateway","timestamp":"2025-12-26T19:43:34.600Z"}
{"level":"info","message":"REDIS URL: redis://localhost:6379","service":"api-gateway","timestamp":"2025-12-26T19:43:34.601Z"}
{"level":"info","message":"API GATEWAY Connected to Redis","service":"api-gateway","timestamp":"2025-12-26T19:43:34.610Z"}
{"level":"info","message":"API Gateway running on port 3000","service":"api-gateway","timestamp":"2025-12-26T19:43:58.009Z"}
{"level":"info","message":"API Gateway forwarding /v1/auth requests to Identity Service at http://localhost:3001","service":"api-gateway","timestamp":"2025-12-26T19:43:58.012Z"}
{"level":"info","message":"REDIS URL: redis://localhost:6379","service":"api-gateway","timestamp":"2025-12-26T19:43:58.012Z"}
{"level":"info","message":"API GATEWAY Connected to Redis","service":"api-gateway","timestamp":"2025-12-26T19:43:58.019Z"}
{"level":"info","message":"API GATEWAY Recieved POST request for /v1/auth/register with body undefined","service":"api-gateway","timestamp":"2025-12-26T19:50:27.589Z"}
{"level":"info","message":"Response received from Identity service: 201","service":"api-gateway","timestamp":"2025-12-26T19:50:27.963Z"}
{"level":"info","message":"API GATEWAY Recieved POST request for /api/auth/register with body undefined","service":"api-gateway","timestamp":"2025-12-26T19:51:28.146Z"}
{"level":"info","message":"API GATEWAY Recieved POST request for /api/auth/register with body undefined","service":"api-gateway","timestamp":"2025-12-26T19:51:48.053Z"}
{"level":"info","message":"API GATEWAY Recieved POST request for /v1/auth/register with body undefined","service":"api-gateway","timestamp":"2025-12-26T19:58:29.618Z"}
{"level":"info","message":"Response received from Identity service: 201","service":"api-gateway","timestamp":"2025-12-26T19:58:29.899Z"}
{"level":"info","message":"API GATEWAY Recieved POST request for /v1/auth/register with body undefined","service":"api-gateway","timestamp":"2025-12-26T20:07:54.554Z"}
{"level":"info","message":"Response received from Identity service: 201","service":"api-gateway","timestamp":"2025-12-26T20:07:55.176Z"}
{"level":"info","message":"API GATEWAY Recieved POST request for /v1/auth/register with body undefined","service":"api-gateway","timestamp":"2025-12-26T21:03:52.595Z"}
{"level":"info","message":"Response received from Identity service: 400","service":"api-gateway","timestamp":"2025-12-26T21:03:52.624Z"}
{"level":"info","message":"API GATEWAY Recieved POST request for /v1/auth/register with body undefined","service":"api-gateway","timestamp":"2025-12-26T21:31:39.719Z"}
{"level":"info","message":"Response received from Identity service: 400","service":"api-gateway","timestamp":"2025-12-26T21:31:39.775Z"}
{"level":"info","message":"API GATEWAY Recieved POST request for /v1/auth/register with body undefined","service":"api-gateway","timestamp":"2025-12-26T21:31:46.890Z"}
{"level":"info","message":"Response received from Identity service: 201","service":"api-gateway","timestamp":"2025-12-26T21:31:47.377Z"}
{"level":"info","message":"API GATEWAY Recieved POST request for /v1/auth/login with body undefined","service":"api-gateway","timestamp":"2025-12-26T21:32:23.626Z"}
{"level":"info","message":"Response received from Identity service: 400","service":"api-gateway","timestamp":"2025-12-26T21:32:23.636Z"}
{"level":"info","message":"API GATEWAY Recieved POST request for /v1/auth/login with body undefined","service":"api-gateway","timestamp":"2025-12-26T21:32:30.585Z"}
{"level":"info","message":"Response received from Identity service: 404","service":"api-gateway","timestamp":"2025-12-26T21:32:30.595Z"}
{"level":"info","message":"API GATEWAY Recieved POST request for /v1/auth/login with body undefined","service":"api-gateway","timestamp":"2025-12-26T21:32:53.724Z"}
{"level":"info","message":"Response received from Identity service: 500","service":"api-gateway","timestamp":"2025-12-26T21:32:53.761Z"}
{"level":"info","message":"API GATEWAY Recieved POST request for /v1/auth/login with body undefined","service":"api-gateway","timestamp":"2025-12-26T21:34:10.322Z"}
{"level":"info","message":"Response received from Identity service: 500","service":"api-gateway","timestamp":"2025-12-26T21:34:10.355Z"}
{"level":"info","message":"API GATEWAY Recieved POST request for /v1/auth/login with body undefined","service":"api-gateway","timestamp":"2025-12-26T21:35:42.187Z"}
{"level":"info","message":"Response received from Identity service: 400","service":"api-gateway","timestamp":"2025-12-26T21:35:42.219Z"}
{"level":"info","message":"API GATEWAY Recieved POST request for /v1/auth/login with body undefined","service":"api-gateway","timestamp":"2025-12-26T21:35:51.062Z"}
{"level":"info","message":"Response received from Identity service: 200","service":"api-gateway","timestamp":"2025-12-26T21:35:51.418Z"}
{"level":"info","message":"API GATEWAY Recieved POST request for /v1/auth/login with body undefined","service":"api-gateway","timestamp":"2025-12-26T21:36:07.260Z"}
{"level":"info","message":"Response received from Identity service: 200","service":"api-gateway","timestamp":"2025-12-26T21:36:07.685Z"}
{"level":"info","message":"API GATEWAY Recieved POST request for /v1/auth/register with body undefined","service":"api-gateway","timestamp":"2025-12-26T21:36:30.525Z"}
{"level":"info","message":"Response received from Identity service: 201","service":"api-gateway","timestamp":"2025-12-26T21:36:31.153Z"}
{"level":"info","message":"API GATEWAY Recieved POST request for /v1/auth/login with body undefined","service":"api-gateway","timestamp":"2025-12-26T21:37:07.059Z"}
{"level":"info","message":"Response received from Identity service: 200","service":"api-gateway","timestamp":"2025-12-26T21:37:07.456Z"}
{"level":"info","message":"API Gateway running on port 3000","service":"api-gateway","timestamp":"2025-12-26T21:48:34.603Z"}
{"level":"info","message":"API Gateway forwarding /v1/auth requests to Identity Service at http://localhost:3001","service":"api-gateway","timestamp":"2025-12-26T21:48:34.608Z"}
{"level":"info","message":"REDIS URL: redis://localhost:6379","service":"api-gateway","timestamp":"2025-12-26T21:48:34.609Z"}
{"level":"info","message":"API GATEWAY Connected to Redis","service":"api-gateway","timestamp":"2025-12-26T21:48:34.624Z"}
{"level":"info","message":"API Gateway running on port 3000","service":"api-gateway","timestamp":"2025-12-28T21:44:51.392Z"}
{"level":"info","message":"API Gateway forwarding /v1/auth requests to Identity Service at http://localhost:3001","service":"api-gateway","timestamp":"2025-12-28T21:44:51.394Z"}
{"level":"info","message":"REDIS URL: redis://localhost:6379","service":"api-gateway","timestamp":"2025-12-28T21:44:51.395Z"}
{"code":"ECONNREFUSED","level":"error","message":"API GATEWAY Redis connection error:","service":"api-gateway","stack":"AggregateError [ECONNREFUSED]: \n    at internalConnectMultiple (node:net:1134:18)\n    at afterConnectMultiple (node:net:1715:7)","timestamp":"2025-12-28T21:44:51.405Z"}
{"code":"ECONNREFUSED","level":"error","message":"API GATEWAY Redis connection error:","service":"api-gateway","stack":"AggregateError [ECONNREFUSED]: \n    at internalConnectMultiple (node:net:1134:18)\n    at afterConnectMultiple (node:net:1715:7)","timestamp":"2025-12-28T21:44:51.464Z"}
{"code":"ECONNREFUSED","level":"error","message":"API GATEWAY Redis connection error:","service":"api-gateway","stack":"AggregateError [ECONNREFUSED]: \n    at internalConnectMultiple (node:net:1134:18)\n    at afterConnectMultiple (node:net:1715:7)","timestamp":"2025-12-28T21:44:51.571Z"}
{"code":"ECONNREFUSED","level":"error","message":"API GATEWAY Redis connection error:","service":"api-gateway","stack":"AggregateError [ECONNREFUSED]: \n    at internalConnectMultiple (node:net:1134:18)\n    at afterConnectMultiple (node:net:1715:7)","timestamp":"2025-12-28T21:44:51.728Z"}
{"code":"ECONNREFUSED","level":"error","message":"API GATEWAY Redis connection error:","service":"api-gateway","stack":"AggregateError [ECONNREFUSED]: \n    at internalConnectMultiple (node:net:1134:18)\n    at afterConnectMultiple (node:net:1715:7)","timestamp":"2025-12-28T21:44:51.931Z"}
{"code":"ECONNREFUSED","level":"error","message":"API GATEWAY Redis connection error:","service":"api-gateway","stack":"AggregateError [ECONNREFUSED]: \n    at internalConnectMultiple (node:net:1134:18)\n    at afterConnectMultiple (node:net:1715:7)","timestamp":"2025-12-28T21:44:52.197Z"}
{"code":"ECONNREFUSED","level":"error","message":"API GATEWAY Redis connection error:","service":"api-gateway","stack":"AggregateError [ECONNREFUSED]: \n    at internalConnectMultiple (node:net:1134:18)\n    at afterConnectMultiple (node:net:1715:7)","timestamp":"2025-12-28T21:44:52.507Z"}
{"code":"ECONNREFUSED","level":"error","message":"API GATEWAY Redis connection error:","service":"api-gateway","stack":"AggregateError [ECONNREFUSED]: \n    at internalConnectMultiple (node:net:1134:18)\n    at afterConnectMultiple (node:net:1715:7)","timestamp":"2025-12-28T21:44:52.866Z"}
{"code":"ECONNREFUSED","level":"error","message":"API GATEWAY Redis connection error:","service":"api-gateway","stack":"AggregateError [ECONNREFUSED]: \n    at internalConnectMultiple (node:net:1134:18)\n    at afterConnectMultiple (node:net:1715:7)","timestamp":"2025-12-28T21:44:53.271Z"}
{"code":"ECONNREFUSED","level":"error","message":"API GATEWAY Redis connection error:","service":"api-gateway","stack":"AggregateError [ECONNREFUSED]: \n    at internalConnectMultiple (node:net:1134:18)\n    at afterConnectMultiple (node:net:1715:7)","timestamp":"2025-12-28T21:44:53.725Z"}
{"code":"ECONNREFUSED","level":"error","message":"API GATEWAY Redis connection error:","service":"api-gateway","stack":"AggregateError [ECONNREFUSED]: \n    at internalConnectMultiple (node:net:1134:18)\n    at afterConnectMultiple (node:net:1715:7)","timestamp":"2025-12-28T21:44:54.238Z"}
{"code":"ECONNREFUSED","level":"error","message":"API GATEWAY Redis connection error:","service":"api-gateway","stack":"AggregateError [ECONNREFUSED]: \n    at internalConnectMultiple (node:net:1134:18)\n    at afterConnectMultiple (node:net:1715:7)","timestamp":"2025-12-28T21:44:54.802Z"}
{"code":"ECONNREFUSED","level":"error","message":"API GATEWAY Redis connection error:","service":"api-gateway","stack":"AggregateError [ECONNREFUSED]: \n    at internalConnectMultiple (node:net:1134:18)\n    at afterConnectMultiple (node:net:1715:7)","timestamp":"2025-12-28T21:44:55.409Z"}
{"code":"ECONNREFUSED","level":"error","message":"API GATEWAY Redis connection error:","service":"api-gateway","stack":"AggregateError [ECONNREFUSED]: \n    at internalConnectMultiple (node:net:1134:18)\n    at afterConnectMultiple (node:net:1715:7)","timestamp":"2025-12-28T21:44:56.066Z"}
{"code":"ECONNREFUSED","level":"error","message":"API GATEWAY Redis connection error:","service":"api-gateway","stack":"AggregateError [ECONNREFUSED]: \n    at internalConnectMultiple (node:net:1134:18)\n    at afterConnectMultiple (node:net:1715:7)","timestamp":"2025-12-28T21:44:56.768Z"}
{"code":"ECONNREFUSED","level":"error","message":"API GATEWAY Redis connection error:","service":"api-gateway","stack":"AggregateError [ECONNREFUSED]: \n    at internalConnectMultiple (node:net:1134:18)\n    at afterConnectMultiple (node:net:1715:7)","timestamp":"2025-12-28T21:44:57.533Z"}
{"code":"ECONNREFUSED","level":"error","message":"API GATEWAY Redis connection error:","service":"api-gateway","stack":"AggregateError [ECONNREFUSED]: \n    at internalConnectMultiple (node:net:1134:18)\n    at afterConnectMultiple (node:net:1715:7)","timestamp":"2025-12-28T21:44:58.345Z"}
{"code":"ECONNREFUSED","level":"error","message":"API GATEWAY Redis connection error:","service":"api-gateway","stack":"AggregateError [ECONNREFUSED]: \n    at internalConnectMultiple (node:net:1134:18)\n    at afterConnectMultiple (node:net:1715:7)","timestamp":"2025-12-28T21:44:59.204Z"}
{"code":"ECONNREFUSED","level":"error","message":"API GATEWAY Redis connection error:","service":"api-gateway","stack":"AggregateError [ECONNREFUSED]: \n    at internalConnectMultiple (node:net:1134:18)\n    at afterConnectMultiple (node:net:1715:7)","timestamp":"2025-12-28T21:45:00.121Z"}
{"code":"ECONNREFUSED","level":"error","message":"API GATEWAY Redis connection error:","service":"api-gateway","stack":"AggregateError [ECONNREFUSED]: \n    at internalConnectMultiple (node:net:1134:18)\n    at afterConnectMultiple (node:net:1715:7)","timestamp":"2025-12-28T21:45:01.073Z"}
{"code":"ECONNREFUSED","level":"error","message":"API GATEWAY Redis connection error:","service":"api-gateway","stack":"AggregateError [ECONNREFUSED]: \n    at internalConnectMultiple (node:net:1134:18)\n    at afterConnectMultiple (node:net:1715:7)","timestamp":"2025-12-28T21:45:02.089Z"}
{"level":"info","message":"API Gateway running on port 3000","service":"api-gateway","timestamp":"2025-12-28T21:45:14.354Z"}
{"level":"info","message":"API Gateway forwarding /v1/auth requests to Identity Service at http://localhost:3001","service":"api-gateway","timestamp":"2025-12-28T21:45:14.356Z"}
{"level":"info","message":"REDIS URL: redis://localhost:6379","service":"api-gateway","timestamp":"2025-12-28T21:45:14.357Z"}
{"level":"info","message":"API GATEWAY Connected to Redis","service":"api-gateway","timestamp":"2025-12-28T21:45:14.364Z"}
{"level":"info","message":"API GATEWAY Recieved POST request for /v1/auth/login with body undefined","service":"api-gateway","timestamp":"2025-12-28T21:45:21.308Z"}
{"level":"error","message":"Proxy error: ","service":"api-gateway","timestamp":"2025-12-28T21:45:21.316Z"}
{"level":"info","message":"API GATEWAY Recieved POST request for /v1/auth/login with body undefined","service":"api-gateway","timestamp":"2025-12-28T21:45:25.967Z"}
{"level":"error","message":"Proxy error: ","service":"api-gateway","timestamp":"2025-12-28T21:45:25.971Z"}
{"level":"info","message":"API GATEWAY Recieved POST request for /v1/auth/login with body undefined","service":"api-gateway","timestamp":"2025-12-28T21:45:47.746Z"}
{"level":"info","message":"Response received from Identity service: 200","service":"api-gateway","timestamp":"2025-12-28T21:45:48.337Z"}
{"level":"info","message":"API GATEWAY Recieved POST request for /v1/auth/login with body undefined","service":"api-gateway","timestamp":"2025-12-28T21:59:06.152Z"}
{"level":"info","message":"Response received from Identity service: 200","service":"api-gateway","timestamp":"2025-12-28T21:59:06.394Z"}
{"level":"info","message":"API Gateway running on port 3000","service":"api-gateway","timestamp":"2025-12-28T22:04:06.899Z"}
{"level":"info","message":"API Gateway forwarding /v1/auth requests to Identity Service at http://localhost:3001","service":"api-gateway","timestamp":"2025-12-28T22:04:06.903Z"}
{"level":"info","message":"REDIS URL: redis://localhost:6379","service":"api-gateway","timestamp":"2025-12-28T22:04:06.904Z"}
{"level":"info","message":"API GATEWAY Connected to Redis","service":"api-gateway","timestamp":"2025-12-28T22:04:06.915Z"}
{"level":"info","message":"API Gateway running on port 3000","service":"api-gateway","timestamp":"2025-12-28T22:12:14.275Z"}
{"level":"info","message":"API Gateway forwarding /v1/auth requests to Identity Service at http://localhost:3001","service":"api-gateway","timestamp":"2025-12-28T22:12:14.278Z"}
{"level":"info","message":"REDIS URL: redis://localhost:6379","service":"api-gateway","timestamp":"2025-12-28T22:12:14.278Z"}
{"level":"info","message":"API GATEWAY Connected to Redis","service":"api-gateway","timestamp":"2025-12-28T22:12:14.285Z"}
{"level":"info","message":"API Gateway running on port 3000","service":"api-gateway","timestamp":"2025-12-28T22:12:15.775Z"}
{"level":"info","message":"API Gateway forwarding /v1/auth requests to Identity Service at http://localhost:3001","service":"api-gateway","timestamp":"2025-12-28T22:12:15.778Z"}
{"level":"info","message":"REDIS URL: redis://localhost:6379","service":"api-gateway","timestamp":"2025-12-28T22:12:15.778Z"}
{"level":"info","message":"API GATEWAY Connected to Redis","service":"api-gateway","timestamp":"2025-12-28T22:12:15.797Z"}
{"level":"info","message":"API Gateway running on port 3000","service":"api-gateway","timestamp":"2025-12-28T22:14:24.660Z"}
{"level":"info","message":"API Gateway forwarding /v1/auth requests to Identity Service at http://localhost:3001","service":"api-gateway","timestamp":"2025-12-28T22:14:24.662Z"}
{"level":"info","message":"REDIS URL: redis://localhost:6379","service":"api-gateway","timestamp":"2025-12-28T22:14:24.663Z"}
{"level":"info","message":"API GATEWAY Connected to Redis","service":"api-gateway","timestamp":"2025-12-28T22:14:24.668Z"}
{"level":"info","message":"API Gateway running on port 3000","service":"api-gateway","timestamp":"2025-12-28T22:15:27.343Z"}
{"level":"info","message":"API Gateway forwarding /v1/auth requests to Identity Service at http://localhost:3001","service":"api-gateway","timestamp":"2025-12-28T22:15:27.346Z"}
{"level":"info","message":"REDIS URL: redis://localhost:6379","service":"api-gateway","timestamp":"2025-12-28T22:15:27.347Z"}
{"level":"info","message":"API GATEWAY Connected to Redis","service":"api-gateway","timestamp":"2025-12-28T22:15:27.355Z"}
{"level":"info","message":"API GATEWAY Recieved POST request for /v1/auth/login with body undefined","service":"api-gateway","timestamp":"2025-12-28T22:16:00.860Z"}
{"level":"info","message":"Response received from Identity service: 200","service":"api-gateway","timestamp":"2025-12-28T22:16:01.308Z"}
{"level":"info","message":"API GATEWAY Recieved POST request for /v1/posts/createPost with body undefined","service":"api-gateway","timestamp":"2025-12-28T22:17:32.265Z"}
{"level":"warn","message":"Invalid token!","service":"api-gateway","timestamp":"2025-12-28T22:17:32.267Z"}
{"level":"info","message":"API GATEWAY Recieved POST request for /v1/auth/login with body undefined","service":"api-gateway","timestamp":"2025-12-28T22:17:44.831Z"}
{"level":"info","message":"Response received from Identity service: 200","service":"api-gateway","timestamp":"2025-12-28T22:17:45.046Z"}
{"level":"info","message":"API GATEWAY Recieved POST request for /v1/posts/createPost with body undefined","service":"api-gateway","timestamp":"2025-12-28T22:17:57.874Z"}
{"level":"warn","message":"Invalid token!","service":"api-gateway","timestamp":"2025-12-28T22:17:57.875Z"}
{"level":"info","message":"API GATEWAY Recieved POST request for /v1/posts/createPost with body undefined","service":"api-gateway","timestamp":"2025-12-28T22:18:03.327Z"}
{"level":"warn","message":"Invalid token!","service":"api-gateway","timestamp":"2025-12-28T22:18:03.327Z"}
{"level":"info","message":"API GATEWAY Recieved POST request for /v1/posts/ with body undefined","service":"api-gateway","timestamp":"2025-12-28T22:18:50.354Z"}
{"level":"warn","message":"Invalid token!","service":"api-gateway","timestamp":"2025-12-28T22:18:50.354Z"}
{"level":"info","message":"API GATEWAY Recieved POST request for /v1/posts/ with body undefined","service":"api-gateway","timestamp":"2025-12-28T22:18:54.363Z"}
{"level":"warn","message":"Invalid token!","service":"api-gateway","timestamp":"2025-12-28T22:18:54.363Z"}
{"level":"info","message":"API Gateway running on port 3000","service":"api-gateway","timestamp":"2025-12-28T22:19:43.117Z"}
{"level":"info","message":"API Gateway forwarding /v1/auth requests to Identity Service at http://localhost:3001","service":"api-gateway","timestamp":"2025-12-28T22:19:43.119Z"}
{"level":"info","message":"REDIS URL: redis://localhost:6379","service":"api-gateway","timestamp":"2025-12-28T22:19:43.120Z"}
{"level":"info","message":"API GATEWAY Connected to Redis","service":"api-gateway","timestamp":"2025-12-28T22:19:43.127Z"}
{"level":"info","message":"API Gateway running on port 3000","service":"api-gateway","timestamp":"2025-12-28T22:19:45.951Z"}
{"level":"info","message":"API Gateway forwarding /v1/auth requests to Identity Service at http://localhost:3001","service":"api-gateway","timestamp":"2025-12-28T22:19:45.953Z"}
{"level":"info","message":"REDIS URL: redis://localhost:6379","service":"api-gateway","timestamp":"2025-12-28T22:19:45.953Z"}
{"level":"info","message":"API GATEWAY Connected to Redis","service":"api-gateway","timestamp":"2025-12-28T22:19:45.958Z"}
{"level":"info","message":"API GATEWAY Recieved POST request for /v1/posts/ with body undefined","service":"api-gateway","timestamp":"2025-12-28T22:19:55.428Z"}
{"level":"warn","message":"Invalid token!","service":"api-gateway","timestamp":"2025-12-28T22:19:55.430Z"}
{"level":"info","message":"API Gateway running on port 3000","service":"api-gateway","timestamp":"2025-12-28T22:20:32.328Z"}
{"level":"info","message":"API Gateway forwarding /v1/auth requests to Identity Service at http://localhost:3001","service":"api-gateway","timestamp":"2025-12-28T22:20:32.330Z"}
{"level":"info","message":"REDIS URL: redis://localhost:6379","service":"api-gateway","timestamp":"2025-12-28T22:20:32.331Z"}
{"level":"info","message":"API GATEWAY Connected to Redis","service":"api-gateway","timestamp":"2025-12-28T22:20:32.342Z"}
{"level":"info","message":"API GATEWAY Recieved POST request for /v1/posts/ with body undefined","service":"api-gateway","timestamp":"2025-12-28T22:20:39.135Z"}
{"level":"warn","message":"Access attempt without valid token!","service":"api-gateway","timestamp":"2025-12-28T22:20:39.135Z"}
{"level":"info","message":"API Gateway running on port 3000","service":"api-gateway","timestamp":"2025-12-28T22:21:08.669Z"}
{"level":"info","message":"API Gateway forwarding /v1/auth requests to Identity Service at http://localhost:3001","service":"api-gateway","timestamp":"2025-12-28T22:21:08.671Z"}
{"level":"info","message":"REDIS URL: redis://localhost:6379","service":"api-gateway","timestamp":"2025-12-28T22:21:08.672Z"}
{"level":"info","message":"API GATEWAY Connected to Redis","service":"api-gateway","timestamp":"2025-12-28T22:21:08.679Z"}
{"level":"info","message":"API Gateway running on port 3000","service":"api-gateway","timestamp":"2025-12-28T22:21:14.038Z"}
{"level":"info","message":"API Gateway forwarding /v1/auth requests to Identity Service at http://localhost:3001","service":"api-gateway","timestamp":"2025-12-28T22:21:14.040Z"}
{"level":"info","message":"REDIS URL: redis://localhost:6379","service":"api-gateway","timestamp":"2025-12-28T22:21:14.041Z"}
{"level":"info","message":"API GATEWAY Connected to Redis","service":"api-gateway","timestamp":"2025-12-28T22:21:14.047Z"}
{"level":"info","message":"API GATEWAY Recieved POST request for /v1/posts/ with body undefined","service":"api-gateway","timestamp":"2025-12-28T22:21:18.032Z"}
{"level":"warn","message":"Access attempt without valid token!","service":"api-gateway","timestamp":"2025-12-28T22:21:18.034Z"}
{"level":"info","message":"API GATEWAY Recieved POST request for /v1/posts/ with body undefined","service":"api-gateway","timestamp":"2025-12-28T22:21:40.849Z"}
{"level":"warn","message":"Access attempt without valid token!","service":"api-gateway","timestamp":"2025-12-28T22:21:40.851Z"}
{"level":"info","message":"API Gateway running on port 3000","service":"api-gateway","timestamp":"2025-12-28T22:21:45.593Z"}
{"level":"info","message":"API Gateway forwarding /v1/auth requests to Identity Service at http://localhost:3001","service":"api-gateway","timestamp":"2025-12-28T22:21:45.595Z"}
{"level":"info","message":"REDIS URL: redis://localhost:6379","service":"api-gateway","timestamp":"2025-12-28T22:21:45.596Z"}
{"level":"info","message":"API GATEWAY Connected to Redis","service":"api-gateway","timestamp":"2025-12-28T22:21:45.604Z"}
{"level":"info","message":"API GATEWAY Recieved POST request for /v1/posts/ with body undefined","service":"api-gateway","timestamp":"2025-12-28T22:21:47.365Z"}
{"level":"warn","message":"Access attempt without valid token!","service":"api-gateway","timestamp":"2025-12-28T22:21:47.367Z"}
{"level":"info","message":"API Gateway running on port 3000","service":"api-gateway","timestamp":"2025-12-28T22:22:25.658Z"}
{"level":"info","message":"API Gateway forwarding /v1/auth requests to Identity Service at http://localhost:3001","service":"api-gateway","timestamp":"2025-12-28T22:22:25.661Z"}
{"level":"info","message":"REDIS URL: redis://localhost:6379","service":"api-gateway","timestamp":"2025-12-28T22:22:25.661Z"}
{"level":"info","message":"API GATEWAY Connected to Redis","service":"api-gateway","timestamp":"2025-12-28T22:22:25.670Z"}
{"level":"info","message":"API GATEWAY Recieved POST request for /v1/posts/ with body undefined","service":"api-gateway","timestamp":"2025-12-28T22:22:27.168Z"}
{"level":"info","message":"API Gateway running on port 3000","service":"api-gateway","timestamp":"2025-12-28T22:22:37.807Z"}
{"level":"info","message":"API Gateway forwarding /v1/auth requests to Identity Service at http://localhost:3001","service":"api-gateway","timestamp":"2025-12-28T22:22:37.810Z"}
{"level":"info","message":"REDIS URL: redis://localhost:6379","service":"api-gateway","timestamp":"2025-12-28T22:22:37.811Z"}
{"level":"info","message":"API GATEWAY Connected to Redis","service":"api-gateway","timestamp":"2025-12-28T22:22:37.818Z"}
{"level":"info","message":"API Gateway running on port 3000","service":"api-gateway","timestamp":"2025-12-28T22:22:41.949Z"}
{"level":"info","message":"API Gateway forwarding /v1/auth requests to Identity Service at http://localhost:3001","service":"api-gateway","timestamp":"2025-12-28T22:22:41.951Z"}
{"level":"info","message":"REDIS URL: redis://localhost:6379","service":"api-gateway","timestamp":"2025-12-28T22:22:41.951Z"}
{"level":"info","message":"API GATEWAY Connected to Redis","service":"api-gateway","timestamp":"2025-12-28T22:22:41.958Z"}
{"level":"info","message":"API GATEWAY Recieved POST request for /v1/posts/ with body undefined","service":"api-gateway","timestamp":"2025-12-28T22:22:45.739Z"}
{"level":"info","message":"API Gateway running on port 3000","service":"api-gateway","timestamp":"2025-12-28T22:23:24.666Z"}
{"level":"info","message":"API Gateway forwarding /v1/auth requests to Identity Service at http://localhost:3001","service":"api-gateway","timestamp":"2025-12-28T22:23:24.670Z"}
{"level":"info","message":"REDIS URL: redis://localhost:6379","service":"api-gateway","timestamp":"2025-12-28T22:23:24.670Z"}
{"level":"info","message":"API GATEWAY Connected to Redis","service":"api-gateway","timestamp":"2025-12-28T22:23:24.681Z"}
{"level":"info","message":"API GATEWAY Recieved POST request for /v1/posts/ with body undefined","service":"api-gateway","timestamp":"2025-12-28T22:23:42.268Z"}
{"level":"info","message":"API Gateway running on port 3000","service":"api-gateway","timestamp":"2025-12-28T22:24:06.205Z"}
{"level":"info","message":"API Gateway forwarding /v1/auth requests to Identity Service at http://localhost:3001","service":"api-gateway","timestamp":"2025-12-28T22:24:06.208Z"}
{"level":"info","message":"REDIS URL: redis://localhost:6379","service":"api-gateway","timestamp":"2025-12-28T22:24:06.208Z"}
{"level":"info","message":"API GATEWAY Connected to Redis","service":"api-gateway","timestamp":"2025-12-28T22:24:06.215Z"}
{"level":"info","message":"API GATEWAY Recieved POST request for /v1/posts/ with body undefined","service":"api-gateway","timestamp":"2025-12-28T22:24:08.107Z"}
{"level":"info","message":"API Gateway running on port 3000","service":"api-gateway","timestamp":"2025-12-28T22:24:15.266Z"}
{"level":"info","message":"API Gateway forwarding /v1/auth requests to Identity Service at http://localhost:3001","service":"api-gateway","timestamp":"2025-12-28T22:24:15.268Z"}
{"level":"info","message":"REDIS URL: redis://localhost:6379","service":"api-gateway","timestamp":"2025-12-28T22:24:15.269Z"}
{"level":"info","message":"API GATEWAY Connected to Redis","service":"api-gateway","timestamp":"2025-12-28T22:24:15.276Z"}
{"level":"info","message":"API GATEWAY Recieved POST request for /v1/posts/ with body undefined","service":"api-gateway","timestamp":"2025-12-28T22:24:17.683Z"}
{"level":"info","message":"API Gateway running on port 3000","service":"api-gateway","timestamp":"2025-12-28T22:24:33.804Z"}
{"level":"info","message":"API Gateway forwarding /v1/auth requests to Identity Service at http://localhost:3001","service":"api-gateway","timestamp":"2025-12-28T22:24:33.807Z"}
{"level":"info","message":"REDIS URL: redis://localhost:6379","service":"api-gateway","timestamp":"2025-12-28T22:24:33.808Z"}
{"level":"info","message":"API GATEWAY Connected to Redis","service":"api-gateway","timestamp":"2025-12-28T22:24:33.816Z"}
{"level":"info","message":"API GATEWAY Recieved POST request for /v1/posts/ with body undefined","service":"api-gateway","timestamp":"2025-12-28T22:24:35.679Z"}
{"level":"info","message":"API Gateway running on port 3000","service":"api-gateway","timestamp":"2025-12-28T22:24:52.441Z"}
{"level":"info","message":"API Gateway forwarding /v1/auth requests to Identity Service at http://localhost:3001","service":"api-gateway","timestamp":"2025-12-28T22:24:52.443Z"}
{"level":"info","message":"REDIS URL: redis://localhost:6379","service":"api-gateway","timestamp":"2025-12-28T22:24:52.444Z"}
{"level":"info","message":"API GATEWAY Connected to Redis","service":"api-gateway","timestamp":"2025-12-28T22:24:52.454Z"}
{"level":"info","message":"API Gateway running on port 3000","service":"api-gateway","timestamp":"2025-12-28T22:24:59.162Z"}
{"level":"info","message":"API Gateway forwarding /v1/auth requests to Identity Service at http://localhost:3001","service":"api-gateway","timestamp":"2025-12-28T22:24:59.165Z"}
{"level":"info","message":"REDIS URL: redis://localhost:6379","service":"api-gateway","timestamp":"2025-12-28T22:24:59.166Z"}
{"level":"info","message":"API GATEWAY Connected to Redis","service":"api-gateway","timestamp":"2025-12-28T22:24:59.176Z"}
{"level":"info","message":"API GATEWAY Recieved POST request for /v1/posts/ with body undefined","service":"api-gateway","timestamp":"2025-12-28T22:25:02.878Z"}
{"level":"warn","message":"Access attempt without valid token!","service":"api-gateway","timestamp":"2025-12-28T22:25:02.879Z"}
{"level":"info","message":"API Gateway running on port 3000","service":"api-gateway","timestamp":"2025-12-28T22:25:38.989Z"}
{"level":"info","message":"API Gateway forwarding /v1/auth requests to Identity Service at http://localhost:3001","service":"api-gateway","timestamp":"2025-12-28T22:25:38.991Z"}
{"level":"info","message":"REDIS URL: redis://localhost:6379","service":"api-gateway","timestamp":"2025-12-28T22:25:38.991Z"}
{"level":"info","message":"API GATEWAY Connected to Redis","service":"api-gateway","timestamp":"2025-12-28T22:25:38.998Z"}
{"level":"info","message":"API GATEWAY Recieved POST request for /v1/posts/ with body undefined","service":"api-gateway","timestamp":"2025-12-28T22:25:40.770Z"}
{"level":"warn","message":"No Auth Header","service":"api-gateway","timestamp":"2025-12-28T22:25:40.770Z"}
{"level":"warn","message":"Access attempt without valid token!","service":"api-gateway","timestamp":"2025-12-28T22:25:40.771Z"}
{"level":"info","message":"API Gateway running on port 3000","service":"api-gateway","timestamp":"2025-12-28T22:25:55.441Z"}
{"level":"info","message":"API Gateway forwarding /v1/auth requests to Identity Service at http://localhost:3001","service":"api-gateway","timestamp":"2025-12-28T22:25:55.444Z"}
{"level":"info","message":"REDIS URL: redis://localhost:6379","service":"api-gateway","timestamp":"2025-12-28T22:25:55.444Z"}
{"level":"info","message":"API GATEWAY Connected to Redis","service":"api-gateway","timestamp":"2025-12-28T22:25:55.452Z"}
{"level":"info","message":"API GATEWAY Recieved POST request for /v1/posts/ with body undefined","service":"api-gateway","timestamp":"2025-12-28T22:25:57.837Z"}
{"level":"warn","message":"Invalid token!","service":"api-gateway","timestamp":"2025-12-28T22:25:57.839Z"}
{"level":"info","message":"API GATEWAY Recieved POST request for /v1/posts/ with body undefined","service":"api-gateway","timestamp":"2025-12-28T22:26:03.423Z"}
{"level":"warn","message":"Invalid token!","service":"api-gateway","timestamp":"2025-12-28T22:26:03.424Z"}
{"level":"info","message":"API Gateway running on port 3000","service":"api-gateway","timestamp":"2025-12-28T22:26:37.484Z"}
{"level":"info","message":"API Gateway forwarding /v1/auth requests to Identity Service at http://localhost:3001","service":"api-gateway","timestamp":"2025-12-28T22:26:37.487Z"}
{"level":"info","message":"REDIS URL: redis://localhost:6379","service":"api-gateway","timestamp":"2025-12-28T22:26:37.490Z"}
{"level":"info","message":"API GATEWAY Connected to Redis","service":"api-gateway","timestamp":"2025-12-28T22:26:37.507Z"}
{"level":"info","message":"API GATEWAY Recieved POST request for /v1/auth/login with body undefined","service":"api-gateway","timestamp":"2025-12-28T22:26:39.454Z"}
{"level":"info","message":"Response received from Identity service: 200","service":"api-gateway","timestamp":"2025-12-28T22:26:39.869Z"}
{"level":"info","message":"API GATEWAY Recieved POST request for /v1/posts/ with body undefined","service":"api-gateway","timestamp":"2025-12-28T22:26:48.432Z"}
{"level":"warn","message":"Invalid token!","service":"api-gateway","timestamp":"2025-12-28T22:26:48.434Z"}
{"level":"info","message":"API Gateway running on port 3000","service":"api-gateway","timestamp":"2025-12-28T22:27:02.812Z"}
{"level":"info","message":"API Gateway forwarding /v1/auth requests to Identity Service at http://localhost:3001","service":"api-gateway","timestamp":"2025-12-28T22:27:02.814Z"}
{"level":"info","message":"REDIS URL: redis://localhost:6379","service":"api-gateway","timestamp":"2025-12-28T22:27:02.815Z"}
{"level":"info","message":"API GATEWAY Connected to Redis","service":"api-gateway","timestamp":"2025-12-28T22:27:02.824Z"}
{"level":"info","message":"API GATEWAY Recieved POST request for /v1/auth/login with body undefined","service":"api-gateway","timestamp":"2025-12-28T22:27:06.379Z"}
{"level":"info","message":"Response received from Identity service: 200","service":"api-gateway","timestamp":"2025-12-28T22:27:06.856Z"}
{"level":"info","message":"API GATEWAY Recieved POST request for /v1/auth/login with body undefined","service":"api-gateway","timestamp":"2025-12-28T22:27:12.226Z"}
{"level":"info","message":"Response received from Identity service: 200","service":"api-gateway","timestamp":"2025-12-28T22:27:12.618Z"}
{"level":"info","message":"API GATEWAY Recieved POST request for /v1/posts/ with body undefined","service":"api-gateway","timestamp":"2025-12-28T22:27:23.781Z"}
{"level":"info","message":"API Gateway running on port 3000","service":"api-gateway","timestamp":"2025-12-28T22:27:37.007Z"}
{"level":"info","message":"API Gateway forwarding /v1/auth requests to Identity Service at http://localhost:3001","service":"api-gateway","timestamp":"2025-12-28T22:27:37.009Z"}
{"level":"info","message":"REDIS URL: redis://localhost:6379","service":"api-gateway","timestamp":"2025-12-28T22:27:37.010Z"}
{"level":"info","message":"API GATEWAY Connected to Redis","service":"api-gateway","timestamp":"2025-12-28T22:27:37.017Z"}
{"level":"info","message":"API GATEWAY Recieved POST request for /v1/posts/ with body undefined","service":"api-gateway","timestamp":"2025-12-28T22:27:38.922Z"}
{"level":"info","message":"API Gateway running on port 3000","service":"api-gateway","timestamp":"2025-12-28T22:27:53.766Z"}
{"level":"info","message":"API Gateway forwarding /v1/auth requests to Identity Service at http://localhost:3001","service":"api-gateway","timestamp":"2025-12-28T22:27:53.770Z"}
{"level":"info","message":"REDIS URL: redis://localhost:6379","service":"api-gateway","timestamp":"2025-12-28T22:27:53.772Z"}
{"level":"info","message":"API GATEWAY Connected to Redis","service":"api-gateway","timestamp":"2025-12-28T22:27:53.784Z"}
{"level":"info","message":"API GATEWAY Recieved POST request for /v1/posts/ with body undefined","service":"api-gateway","timestamp":"2025-12-28T22:27:55.991Z"}
{"level":"info","message":"API Gateway running on port 3000","service":"api-gateway","timestamp":"2025-12-28T22:28:05.111Z"}
{"level":"info","message":"API Gateway forwarding /v1/auth requests to Identity Service at http://localhost:3001","service":"api-gateway","timestamp":"2025-12-28T22:28:05.114Z"}
{"level":"info","message":"REDIS URL: redis://localhost:6379","service":"api-gateway","timestamp":"2025-12-28T22:28:05.114Z"}
{"level":"info","message":"API GATEWAY Connected to Redis","service":"api-gateway","timestamp":"2025-12-28T22:28:05.125Z"}
{"level":"info","message":"API GATEWAY Recieved POST request for /v1/posts/ with body undefined","service":"api-gateway","timestamp":"2025-12-28T22:28:07.806Z"}
{"level":"warn","message":"Invalid token!","service":"api-gateway","timestamp":"2025-12-28T22:28:07.807Z"}
{"level":"info","message":"API Gateway running on port 3000","service":"api-gateway","timestamp":"2025-12-28T22:28:26.235Z"}
{"level":"info","message":"API Gateway forwarding /v1/auth requests to Identity Service at http://localhost:3001","service":"api-gateway","timestamp":"2025-12-28T22:28:26.238Z"}
{"level":"info","message":"REDIS URL: redis://localhost:6379","service":"api-gateway","timestamp":"2025-12-28T22:28:26.238Z"}
{"level":"info","message":"API GATEWAY Connected to Redis","service":"api-gateway","timestamp":"2025-12-28T22:28:26.247Z"}
{"level":"info","message":"API GATEWAY Recieved POST request for /v1/posts/ with body undefined","service":"api-gateway","timestamp":"2025-12-28T22:28:27.914Z"}
{"level":"info","message":"API Gateway running on port 3000","service":"api-gateway","timestamp":"2025-12-28T22:28:32.349Z"}
{"level":"info","message":"API Gateway forwarding /v1/auth requests to Identity Service at http://localhost:3001","service":"api-gateway","timestamp":"2025-12-28T22:28:32.352Z"}
{"level":"info","message":"REDIS URL: redis://localhost:6379","service":"api-gateway","timestamp":"2025-12-28T22:28:32.352Z"}
{"level":"info","message":"API GATEWAY Connected to Redis","service":"api-gateway","timestamp":"2025-12-28T22:28:32.361Z"}
{"level":"info","message":"API Gateway running on port 3000","service":"api-gateway","timestamp":"2025-12-28T22:28:39.384Z"}
{"level":"info","message":"API Gateway forwarding /v1/auth requests to Identity Service at http://localhost:3001","service":"api-gateway","timestamp":"2025-12-28T22:28:39.387Z"}
{"level":"info","message":"REDIS URL: redis://localhost:6379","service":"api-gateway","timestamp":"2025-12-28T22:28:39.387Z"}
{"level":"info","message":"API GATEWAY Connected to Redis","service":"api-gateway","timestamp":"2025-12-28T22:28:39.395Z"}
{"level":"info","message":"API GATEWAY Recieved POST request for /v1/posts/ with body undefined","service":"api-gateway","timestamp":"2025-12-28T22:28:42.602Z"}
{"level":"warn","message":"e","service":"api-gateway","timestamp":"2025-12-28T22:28:42.603Z"}
{"level":"warn","message":"Invalid token!","service":"api-gateway","timestamp":"2025-12-28T22:28:42.604Z"}
{"level":"info","message":"API Gateway running on port 3000","service":"api-gateway","timestamp":"2025-12-28T22:29:11.944Z"}
{"level":"info","message":"API Gateway forwarding /v1/auth requests to Identity Service at http://localhost:3001","service":"api-gateway","timestamp":"2025-12-28T22:29:11.946Z"}
{"level":"info","message":"REDIS URL: redis://localhost:6379","service":"api-gateway","timestamp":"2025-12-28T22:29:11.947Z"}
{"level":"info","message":"API GATEWAY Connected to Redis","service":"api-gateway","timestamp":"2025-12-28T22:29:11.955Z"}
{"level":"info","message":"API GATEWAY Recieved POST request for /v1/posts/ with body undefined","service":"api-gateway","timestamp":"2025-12-28T22:29:14.540Z"}
{"level":"warn","message":"eyJhbGciOiJIUzI1NiIsInR5cCI6IkpXVCJ9.eyJ1c2VySWQiOiI2OTRlZmZkZTk1Mzk3ZmU2MmRjNWY3NTgiLCJ1c2VybmFtZSI6Im5ld1VzZXJOYW1lMTIzIiwiaWF0IjoxNzY2OTYwNzk5LCJleHAiOjE3NjY5NjIyOTl9.Kf9NLQ-82yHZj6Wtr9FvOACAtEFtnHMT9dGJZNevfsg","service":"api-gateway","timestamp":"2025-12-28T22:29:14.541Z"}
{"level":"warn","message":"Invalid token!","service":"api-gateway","timestamp":"2025-12-28T22:29:14.543Z"}
{"level":"info","message":"API GATEWAY Recieved POST request for /v1/auth/login with body undefined","service":"api-gateway","timestamp":"2025-12-28T22:29:26.328Z"}
{"level":"info","message":"Response received from Identity service: 200","service":"api-gateway","timestamp":"2025-12-28T22:29:26.544Z"}
{"level":"info","message":"API GATEWAY Recieved POST request for /v1/posts/ with body undefined","service":"api-gateway","timestamp":"2025-12-28T22:29:35.865Z"}
{"level":"warn","message":"eyJhbGciOiJIUzI1NiIsInR5cCI6IkpXVCJ9.eyJ1c2VySWQiOiI2OTRlZmZkZTk1Mzk3ZmU2MmRjNWY3NTgiLCJ1c2VybmFtZSI6Im5ld1VzZXJOYW1lMTIzIiwiaWF0IjoxNzY2OTYwOTY2LCJleHAiOjE3NjY5NjI0NjZ9.XooFiSvCjiUW43Jp8N5n26pisNmIBIstI_-pUtUdZ8g","service":"api-gateway","timestamp":"2025-12-28T22:29:35.865Z"}
{"level":"warn","message":"Invalid token!","service":"api-gateway","timestamp":"2025-12-28T22:29:35.866Z"}
{"level":"info","message":"API GATEWAY Recieved POST request for /v1/posts/ with body undefined","service":"api-gateway","timestamp":"2025-12-28T22:29:40.107Z"}
{"level":"warn","message":"eyJhbGciOiJIUzI1NiIsInR5cCI6IkpXVCJ9.eyJ1c2VySWQiOiI2OTRlZmZkZTk1Mzk3ZmU2MmRjNWY3NTgiLCJ1c2VybmFtZSI6Im5ld1VzZXJOYW1lMTIzIiwiaWF0IjoxNzY2OTYwOTY2LCJleHAiOjE3NjY5NjI0NjZ9.XooFiSvCjiUW43Jp8N5n26pisNmIBIstI_-pUtUdZ8g","service":"api-gateway","timestamp":"2025-12-28T22:29:40.108Z"}
{"level":"warn","message":"Invalid token!","service":"api-gateway","timestamp":"2025-12-28T22:29:40.109Z"}
{"level":"info","message":"API GATEWAY Recieved POST request for /v1/posts/ with body undefined","service":"api-gateway","timestamp":"2025-12-28T22:29:51.188Z"}
{"level":"warn","message":"eyJhbGciOiJIUzI1NiIsInR5cCI6IkpXVCJ9.eyJ1c2VySWQiOiI2OTRlZmZkZTk1Mzk3ZmU2MmRjNWY3NTgiLCJ1c2VybmFtZSI6Im5ld1VzZXJOYW1lMTIzIiwiaWF0IjoxNzY2OTYwOTY2LCJleHAiOjE3NjY5NjI0NjZ9.XooFiSvCjiUW43Jp8N5n26pisNmIBIstI_-pUtUdZ8g","service":"api-gateway","timestamp":"2025-12-28T22:29:51.189Z"}
{"level":"warn","message":"Invalid token!","service":"api-gateway","timestamp":"2025-12-28T22:29:51.189Z"}
{"level":"info","message":"API Gateway running on port 3000","service":"api-gateway","timestamp":"2025-12-28T22:32:15.414Z"}
{"level":"info","message":"API Gateway forwarding /v1/auth requests to Identity Service at http://localhost:3001","service":"api-gateway","timestamp":"2025-12-28T22:32:15.416Z"}
{"level":"info","message":"REDIS URL: redis://localhost:6379","service":"api-gateway","timestamp":"2025-12-28T22:32:15.416Z"}
{"level":"info","message":"API GATEWAY Connected to Redis","service":"api-gateway","timestamp":"2025-12-28T22:32:15.424Z"}
{"level":"info","message":"API GATEWAY Recieved POST request for /v1/auth/login with body undefined","service":"api-gateway","timestamp":"2025-12-28T22:32:24.468Z"}
{"level":"info","message":"Response received from Identity service: 200","service":"api-gateway","timestamp":"2025-12-28T22:32:24.688Z"}
{"level":"info","message":"API GATEWAY Recieved POST request for /v1/posts/ with body undefined","service":"api-gateway","timestamp":"2025-12-28T22:32:33.163Z"}
{"level":"warn","message":"eyJhbGciOiJIUzI1NiIsInR5cCI6IkpXVCJ9.eyJ1c2VySWQiOiI2OTRlZmZkZTk1Mzk3ZmU2MmRjNWY3NTgiLCJ1c2VybmFtZSI6Im5ld1VzZXJOYW1lMTIzIiwiaWF0IjoxNzY2OTYxMTQ0LCJleHAiOjE3NjY5NjI2NDR9.6HjxaSPnsFsWUil2iMeBlUi6PJzGrm8z4E2gsTKqXgY","service":"api-gateway","timestamp":"2025-12-28T22:32:33.163Z"}
{"level":"info","message":"Response received from Post service: 500","service":"api-gateway","timestamp":"2025-12-28T22:32:33.221Z"}
{"level":"info","message":"API GATEWAY Recieved POST request for /v1/posts/ with body undefined","service":"api-gateway","timestamp":"2025-12-28T22:33:31.920Z"}
{"level":"warn","message":"eyJhbGciOiJIUzI1NiIsInR5cCI6IkpXVCJ9.eyJ1c2VySWQiOiI2OTRlZmZkZTk1Mzk3ZmU2MmRjNWY3NTgiLCJ1c2VybmFtZSI6Im5ld1VzZXJOYW1lMTIzIiwiaWF0IjoxNzY2OTYxMTQ0LCJleHAiOjE3NjY5NjI2NDR9.6HjxaSPnsFsWUil2iMeBlUi6PJzGrm8z4E2gsTKqXgY","service":"api-gateway","timestamp":"2025-12-28T22:33:31.921Z"}
{"level":"info","message":"Response received from Post service: 500","service":"api-gateway","timestamp":"2025-12-28T22:33:31.971Z"}
{"level":"info","message":"API GATEWAY Recieved POST request for /v1/posts/ with body undefined","service":"api-gateway","timestamp":"2025-12-28T22:34:09.149Z"}
{"level":"warn","message":"eyJhbGciOiJIUzI1NiIsInR5cCI6IkpXVCJ9.eyJ1c2VySWQiOiI2OTRlZmZkZTk1Mzk3ZmU2MmRjNWY3NTgiLCJ1c2VybmFtZSI6Im5ld1VzZXJOYW1lMTIzIiwiaWF0IjoxNzY2OTYxMTQ0LCJleHAiOjE3NjY5NjI2NDR9.6HjxaSPnsFsWUil2iMeBlUi6PJzGrm8z4E2gsTKqXgY","service":"api-gateway","timestamp":"2025-12-28T22:34:09.149Z"}
{"level":"info","message":"Response received from Post service: 500","service":"api-gateway","timestamp":"2025-12-28T22:34:09.189Z"}
{"level":"info","message":"API GATEWAY Recieved POST request for /v1/posts/ with body undefined","service":"api-gateway","timestamp":"2025-12-28T22:36:42.580Z"}
{"level":"warn","message":"eyJhbGciOiJIUzI1NiIsInR5cCI6IkpXVCJ9.eyJ1c2VySWQiOiI2OTRlZmZkZTk1Mzk3ZmU2MmRjNWY3NTgiLCJ1c2VybmFtZSI6Im5ld1VzZXJOYW1lMTIzIiwiaWF0IjoxNzY2OTYxMTQ0LCJleHAiOjE3NjY5NjI2NDR9.6HjxaSPnsFsWUil2iMeBlUi6PJzGrm8z4E2gsTKqXgY","service":"api-gateway","timestamp":"2025-12-28T22:36:42.581Z"}
{"level":"info","message":"Response received from Post service: 201","service":"api-gateway","timestamp":"2025-12-28T22:36:42.836Z"}
{"level":"info","message":"API GATEWAY Recieved POST request for /v1/posts/ with body undefined","service":"api-gateway","timestamp":"2025-12-28T22:39:04.745Z"}
{"level":"warn","message":"eyJhbGciOiJIUzI1NiIsInR5cCI6IkpXVCJ9.eyJ1c2VySWQiOiI2OTRlZmZkZTk1Mzk3ZmU2MmRjNWY3NTgiLCJ1c2VybmFtZSI6Im5ld1VzZXJOYW1lMTIzIiwiaWF0IjoxNzY2OTYxMTQ0LCJleHAiOjE3NjY5NjI2NDR9.6HjxaSPnsFsWUil2iMeBlUi6PJzGrm8z4E2gsTKqXgY","service":"api-gateway","timestamp":"2025-12-28T22:39:04.746Z"}
{"level":"info","message":"Response received from Post service: 400","service":"api-gateway","timestamp":"2025-12-28T22:39:04.768Z"}
{"level":"info","message":"API GATEWAY Recieved POST request for /v1/posts/ with body undefined","service":"api-gateway","timestamp":"2025-12-28T22:39:14.925Z"}
{"level":"warn","message":"eyJhbGciOiJIUzI1NiIsInR5cCI6IkpXVCJ9.eyJ1c2VySWQiOiI2OTRlZmZkZTk1Mzk3ZmU2MmRjNWY3NTgiLCJ1c2VybmFtZSI6Im5ld1VzZXJOYW1lMTIzIiwiaWF0IjoxNzY2OTYxMTQ0LCJleHAiOjE3NjY5NjI2NDR9.6HjxaSPnsFsWUil2iMeBlUi6PJzGrm8z4E2gsTKqXgY","service":"api-gateway","timestamp":"2025-12-28T22:39:14.926Z"}
{"level":"info","message":"Response received from Post service: 201","service":"api-gateway","timestamp":"2025-12-28T22:39:15.014Z"}
{"level":"info","message":"API GATEWAY Recieved DELETE request for /v1/posts/6951b1921a2696bcec72790e with body undefined","service":"api-gateway","timestamp":"2025-12-28T22:40:52.565Z"}
{"level":"warn","message":"No Auth Header","service":"api-gateway","timestamp":"2025-12-28T22:40:52.565Z"}
{"level":"warn","service":"api-gateway","timestamp":"2025-12-28T22:40:52.566Z"}
{"level":"warn","message":"Access attempt without valid token!","service":"api-gateway","timestamp":"2025-12-28T22:40:52.566Z"}
{"level":"info","message":"API GATEWAY Recieved DELETE request for /v1/posts/6951b1921a2696bcec72790e with body undefined","service":"api-gateway","timestamp":"2025-12-28T22:41:26.805Z"}
{"level":"warn","message":"eyJhbGciOiJIUzI1NiIsInR5cCI6IkpXVCJ9.eyJ1c2VySWQiOiI2OTRlZmZkZTk1Mzk3ZmU2MmRjNWY3NTgiLCJ1c2VybmFtZSI6Im5ld1VzZXJOYW1lMTIzIiwiaWF0IjoxNzY2OTYxMTQ0LCJleHAiOjE3NjY5NjI2NDR9.6HjxaSPnsFsWUil2iMeBlUi6PJzGrm8z4E2gsTKqXgY","service":"api-gateway","timestamp":"2025-12-28T22:41:26.806Z"}
{"level":"info","message":"Response received from Post service: 200","service":"api-gateway","timestamp":"2025-12-28T22:41:26.888Z"}
{"level":"info","message":"API GATEWAY Recieved POST request for /v1/posts/ with body undefined","service":"api-gateway","timestamp":"2025-12-28T22:41:31.277Z"}
{"level":"warn","message":"eyJhbGciOiJIUzI1NiIsInR5cCI6IkpXVCJ9.eyJ1c2VySWQiOiI2OTRlZmZkZTk1Mzk3ZmU2MmRjNWY3NTgiLCJ1c2VybmFtZSI6Im5ld1VzZXJOYW1lMTIzIiwiaWF0IjoxNzY2OTYxMTQ0LCJleHAiOjE3NjY5NjI2NDR9.6HjxaSPnsFsWUil2iMeBlUi6PJzGrm8z4E2gsTKqXgY","service":"api-gateway","timestamp":"2025-12-28T22:41:31.278Z"}
{"level":"info","message":"Response received from Post service: 201","service":"api-gateway","timestamp":"2025-12-28T22:41:31.335Z"}
{"level":"info","message":"API GATEWAY Recieved GET request for /v1/posts/comment with body undefined","service":"api-gateway","timestamp":"2025-12-28T22:42:44.159Z"}
{"level":"warn","message":"eyJhbGciOiJIUzI1NiIsInR5cCI6IkpXVCJ9.eyJ1c2VySWQiOiI2OTRlZmZkZTk1Mzk3ZmU2MmRjNWY3NTgiLCJ1c2VybmFtZSI6Im5ld1VzZXJOYW1lMTIzIiwiaWF0IjoxNzY2OTYxMTQ0LCJleHAiOjE3NjY5NjI2NDR9.6HjxaSPnsFsWUil2iMeBlUi6PJzGrm8z4E2gsTKqXgY","service":"api-gateway","timestamp":"2025-12-28T22:42:44.160Z"}
{"level":"info","message":"Response received from Post service: 404","service":"api-gateway","timestamp":"2025-12-28T22:42:44.167Z"}
{"level":"info","message":"API GATEWAY Recieved POST request for /v1/posts/comment with body undefined","service":"api-gateway","timestamp":"2025-12-28T22:42:53.634Z"}
{"level":"warn","message":"eyJhbGciOiJIUzI1NiIsInR5cCI6IkpXVCJ9.eyJ1c2VySWQiOiI2OTRlZmZkZTk1Mzk3ZmU2MmRjNWY3NTgiLCJ1c2VybmFtZSI6Im5ld1VzZXJOYW1lMTIzIiwiaWF0IjoxNzY2OTYxMTQ0LCJleHAiOjE3NjY5NjI2NDR9.6HjxaSPnsFsWUil2iMeBlUi6PJzGrm8z4E2gsTKqXgY","service":"api-gateway","timestamp":"2025-12-28T22:42:53.635Z"}
{"level":"info","message":"Response received from Post service: 400","service":"api-gateway","timestamp":"2025-12-28T22:42:53.639Z"}
{"level":"info","message":"API GATEWAY Recieved POST request for /v1/posts/comment with body undefined","service":"api-gateway","timestamp":"2025-12-28T22:43:15.471Z"}
{"level":"warn","message":"eyJhbGciOiJIUzI1NiIsInR5cCI6IkpXVCJ9.eyJ1c2VySWQiOiI2OTRlZmZkZTk1Mzk3ZmU2MmRjNWY3NTgiLCJ1c2VybmFtZSI6Im5ld1VzZXJOYW1lMTIzIiwiaWF0IjoxNzY2OTYxMTQ0LCJleHAiOjE3NjY5NjI2NDR9.6HjxaSPnsFsWUil2iMeBlUi6PJzGrm8z4E2gsTKqXgY","service":"api-gateway","timestamp":"2025-12-28T22:43:15.471Z"}
{"level":"info","message":"Response received from Post service: 400","service":"api-gateway","timestamp":"2025-12-28T22:43:15.503Z"}
{"level":"info","message":"API GATEWAY Recieved POST request for /v1/posts/comment with body undefined","service":"api-gateway","timestamp":"2025-12-28T22:43:30.418Z"}
{"level":"warn","message":"eyJhbGciOiJIUzI1NiIsInR5cCI6IkpXVCJ9.eyJ1c2VySWQiOiI2OTRlZmZkZTk1Mzk3ZmU2MmRjNWY3NTgiLCJ1c2VybmFtZSI6Im5ld1VzZXJOYW1lMTIzIiwiaWF0IjoxNzY2OTYxMTQ0LCJleHAiOjE3NjY5NjI2NDR9.6HjxaSPnsFsWUil2iMeBlUi6PJzGrm8z4E2gsTKqXgY","service":"api-gateway","timestamp":"2025-12-28T22:43:30.419Z"}
{"level":"info","message":"Response received from Post service: 201","service":"api-gateway","timestamp":"2025-12-28T22:43:30.893Z"}
