{"level":"info","message":"Identity Service Auth running on port 3001","service":"identity-service","timestamp":"2025-12-25T19:04:55.952Z"}
{"level":"error","message":"MongoDB connection error: The `uri` parameter to `openUri()` must be a string, got \"undefined\". Make sure the first parameter to `mongoose.connect()` or `mongoose.createConnection()` is a string.","service":"identity-service","stack":"MongooseError: The `uri` parameter to `openUri()` must be a string, got \"undefined\". Make sure the first parameter to `mongoose.connect()` or `mongoose.createConnection()` is a string.\n    at NativeConnection.createClient (C:\\Users\\nayaa\\OneDrive\\Desktop\\microservices-backend\\identity-service-auth\\node_modules\\mongoose\\lib\\drivers\\node-mongodb-native\\connection.js:230:11)\n    at NativeConnection.openUri (C:\\Users\\nayaa\\OneDrive\\Desktop\\microservices-backend\\identity-service-auth\\node_modules\\mongoose\\lib\\connection.js:1075:34)\n    at Mongoose.connect (C:\\Users\\nayaa\\OneDrive\\Desktop\\microservices-backend\\identity-service-auth\\node_modules\\mongoose\\lib\\mongoose.js:451:15)\n    at Object.<anonymous> (C:\\Users\\nayaa\\OneDrive\\Desktop\\microservices-backend\\identity-service-auth\\src\\server.js:22:4)\n    at Module._compile (node:internal/modules/cjs/loader:1738:14)\n    at Object..js (node:internal/modules/cjs/loader:1871:10)\n    at Module.load (node:internal/modules/cjs/loader:1470:32)\n    at Module._load (node:internal/modules/cjs/loader:1290:12)\n    at TracingChannel.traceSync (node:diagnostics_channel:322:14)\n    at wrapModuleLoad (node:internal/modules/cjs/loader:238:24)","timestamp":"2025-12-25T19:04:55.956Z"}
{"level":"info","message":"Identity Service Auth running on port 3001","service":"identity-service","timestamp":"2025-12-25T19:06:25.470Z"}
{"code":"ENOTFOUND","hostname":"_mongodb._tcp.6969","level":"error","message":"MongoDB connection error: querySrv ENOTFOUND _mongodb._tcp.6969","service":"identity-service","stack":"Error: querySrv ENOTFOUND _mongodb._tcp.6969\n    at QueryReqWrap.onresolve [as oncomplete] (node:internal/dns/promises:294:17)","syscall":"querySrv","timestamp":"2025-12-25T19:06:25.538Z"}
{"level":"info","message":"Identity Service Auth running on port 3001","service":"identity-service","timestamp":"2025-12-25T19:07:37.090Z"}
{"code":8000,"codeName":"AtlasError","connectionGeneration":0,"errorLabelSet":{},"errorResponse":{"code":8000,"codeName":"AtlasError","errmsg":"bad auth : authentication failed","ok":0},"level":"error","message":"MongoDB connection error: bad auth : authentication failed","ok":0,"service":"identity-service","stack":"MongoServerError: bad auth : authentication failed\n    at Connection.sendCommand (C:\\Users\\nayaa\\OneDrive\\Desktop\\microservices-backend\\identity-service-auth\\node_modules\\mongodb\\lib\\cmap\\connection.js:320:27)\n    at process.processTicksAndRejections (node:internal/process/task_queues:105:5)\n    at async Connection.command (C:\\Users\\nayaa\\OneDrive\\Desktop\\microservices-backend\\identity-service-auth\\node_modules\\mongodb\\lib\\cmap\\connection.js:344:26)\n    at async continueScramConversation (C:\\Users\\nayaa\\OneDrive\\Desktop\\microservices-backend\\identity-service-auth\\node_modules\\mongodb\\lib\\cmap\\auth\\scram.js:131:15)\n    at async executeScram (C:\\Users\\nayaa\\OneDrive\\Desktop\\microservices-backend\\identity-service-auth\\node_modules\\mongodb\\lib\\cmap\\auth\\scram.js:80:5)\n    at async ScramSHA1.auth (C:\\Users\\nayaa\\OneDrive\\Desktop\\microservices-backend\\identity-service-auth\\node_modules\\mongodb\\lib\\cmap\\auth\\scram.js:39:16)\n    at async performInitialHandshake (C:\\Users\\nayaa\\OneDrive\\Desktop\\microservices-backend\\identity-service-auth\\node_modules\\mongodb\\lib\\cmap\\connect.js:104:13)\n    at async connect (C:\\Users\\nayaa\\OneDrive\\Desktop\\microservices-backend\\identity-service-auth\\node_modules\\mongodb\\lib\\cmap\\connect.js:24:9)","timestamp":"2025-12-25T19:07:37.819Z"}
{"level":"info","message":"Identity Service Auth running on port 3001","service":"identity-service","timestamp":"2025-12-25T19:12:19.138Z"}
{"code":8000,"codeName":"AtlasError","connectionGeneration":0,"errorLabelSet":{},"errorResponse":{"code":8000,"codeName":"AtlasError","errmsg":"bad auth : authentication failed","ok":0},"level":"error","message":"MongoDB connection error: bad auth : authentication failed","ok":0,"service":"identity-service","stack":"MongoServerError: bad auth : authentication failed\n    at Connection.sendCommand (C:\\Users\\nayaa\\OneDrive\\Desktop\\microservices-backend\\identity-service-auth\\node_modules\\mongodb\\lib\\cmap\\connection.js:320:27)\n    at process.processTicksAndRejections (node:internal/process/task_queues:105:5)\n    at async Connection.command (C:\\Users\\nayaa\\OneDrive\\Desktop\\microservices-backend\\identity-service-auth\\node_modules\\mongodb\\lib\\cmap\\connection.js:344:26)\n    at async continueScramConversation (C:\\Users\\nayaa\\OneDrive\\Desktop\\microservices-backend\\identity-service-auth\\node_modules\\mongodb\\lib\\cmap\\auth\\scram.js:131:15)\n    at async executeScram (C:\\Users\\nayaa\\OneDrive\\Desktop\\microservices-backend\\identity-service-auth\\node_modules\\mongodb\\lib\\cmap\\auth\\scram.js:80:5)\n    at async ScramSHA1.auth (C:\\Users\\nayaa\\OneDrive\\Desktop\\microservices-backend\\identity-service-auth\\node_modules\\mongodb\\lib\\cmap\\auth\\scram.js:39:16)\n    at async performInitialHandshake (C:\\Users\\nayaa\\OneDrive\\Desktop\\microservices-backend\\identity-service-auth\\node_modules\\mongodb\\lib\\cmap\\connect.js:104:13)\n    at async connect (C:\\Users\\nayaa\\OneDrive\\Desktop\\microservices-backend\\identity-service-auth\\node_modules\\mongodb\\lib\\cmap\\connect.js:24:9)","timestamp":"2025-12-25T19:12:19.911Z"}
{"level":"info","message":"Identity Service Auth running on port 3001","service":"identity-service","timestamp":"2025-12-25T19:12:28.572Z"}
{"code":8000,"codeName":"AtlasError","connectionGeneration":0,"errorLabelSet":{},"errorResponse":{"code":8000,"codeName":"AtlasError","errmsg":"bad auth : authentication failed","ok":0},"level":"error","message":"MongoDB connection error: bad auth : authentication failed","ok":0,"service":"identity-service","stack":"MongoServerError: bad auth : authentication failed\n    at Connection.sendCommand (C:\\Users\\nayaa\\OneDrive\\Desktop\\microservices-backend\\identity-service-auth\\node_modules\\mongodb\\lib\\cmap\\connection.js:320:27)\n    at process.processTicksAndRejections (node:internal/process/task_queues:105:5)\n    at async Connection.command (C:\\Users\\nayaa\\OneDrive\\Desktop\\microservices-backend\\identity-service-auth\\node_modules\\mongodb\\lib\\cmap\\connection.js:344:26)\n    at async continueScramConversation (C:\\Users\\nayaa\\OneDrive\\Desktop\\microservices-backend\\identity-service-auth\\node_modules\\mongodb\\lib\\cmap\\auth\\scram.js:131:15)\n    at async executeScram (C:\\Users\\nayaa\\OneDrive\\Desktop\\microservices-backend\\identity-service-auth\\node_modules\\mongodb\\lib\\cmap\\auth\\scram.js:80:5)\n    at async ScramSHA1.auth (C:\\Users\\nayaa\\OneDrive\\Desktop\\microservices-backend\\identity-service-auth\\node_modules\\mongodb\\lib\\cmap\\auth\\scram.js:39:16)\n    at async performInitialHandshake (C:\\Users\\nayaa\\OneDrive\\Desktop\\microservices-backend\\identity-service-auth\\node_modules\\mongodb\\lib\\cmap\\connect.js:104:13)\n    at async connect (C:\\Users\\nayaa\\OneDrive\\Desktop\\microservices-backend\\identity-service-auth\\node_modules\\mongodb\\lib\\cmap\\connect.js:24:9)","timestamp":"2025-12-25T19:12:29.393Z"}
{"level":"info","message":"Identity Service Auth running on port 3001","service":"identity-service","timestamp":"2025-12-25T19:14:00.821Z"}
{"level":"info","message":"Connected to MongoDB","service":"identity-service","timestamp":"2025-12-25T19:14:01.973Z"}
{"level":"info","message":"Identity Service Auth running on port 3001","service":"identity-service","timestamp":"2025-12-25T19:14:13.933Z"}
{"level":"info","message":"Connected to MongoDB","service":"identity-service","timestamp":"2025-12-25T19:14:14.604Z"}
{"level":"info","message":"Identity Service Auth running on port 3001","service":"identity-service","timestamp":"2025-12-25T19:18:00.019Z"}
{"level":"info","message":"Connected to MongoDB","service":"identity-service","timestamp":"2025-12-25T19:18:00.743Z"}
{"level":"info","message":"Identity Service Auth running on port 3001","service":"identity-service","timestamp":"2025-12-25T19:18:18.841Z"}
{"level":"info","message":"Connected to MongoDB","service":"identity-service","timestamp":"2025-12-25T19:18:19.439Z"}
{"level":"info","message":"Identity Service Auth running on port 3001","service":"identity-service","timestamp":"2025-12-25T19:18:39.378Z"}
{"level":"info","message":"Connected to MongoDB","service":"identity-service","timestamp":"2025-12-25T19:18:39.999Z"}
{"level":"info","message":"Identity Service Auth running on port 3001","service":"identity-service","timestamp":"2025-12-25T19:19:43.482Z"}
{"level":"info","message":"Connected to MongoDB","service":"identity-service","timestamp":"2025-12-25T19:19:44.117Z"}
{"level":"info","message":"Identity Service Auth running on port 3001","service":"identity-service","timestamp":"2025-12-25T19:19:46.908Z"}
{"level":"info","message":"Connected to MongoDB","service":"identity-service","timestamp":"2025-12-25T19:19:47.903Z"}
{"level":"info","message":"Identity Service Auth running on port 3001","service":"identity-service","timestamp":"2025-12-25T19:21:40.570Z"}
{"level":"info","message":"Connected to Redis","service":"identity-service","timestamp":"2025-12-25T19:21:40.578Z"}
{"level":"info","message":"Connected to MongoDB","service":"identity-service","timestamp":"2025-12-25T19:21:41.206Z"}
{"level":"info","message":"Identity Service Auth running on port 3001","service":"identity-service","timestamp":"2025-12-25T19:25:22.389Z"}
{"level":"info","message":"Connected to Redis","service":"identity-service","timestamp":"2025-12-25T19:25:22.397Z"}
{"level":"info","message":"Connected to MongoDB","service":"identity-service","timestamp":"2025-12-25T19:25:29.448Z"}
{"level":"info","message":"Recieved POST request for /api/auth/register with body [object Object]","service":"identity-service","timestamp":"2025-12-25T19:27:20.932Z"}
{"level":"info","message":"Registration request received for user: abhinav","service":"identity-service","timestamp":"2025-12-25T19:27:20.942Z"}
{"level":"warn","message":"Validation failed for user: abhinav, error: \"email\" must be a valid email","service":"identity-service","timestamp":"2025-12-25T19:27:20.950Z"}
{"level":"info","message":"Recieved POST request for /api/auth/register with body [object Object]","service":"identity-service","timestamp":"2025-12-25T19:27:37.679Z"}
{"level":"info","message":"Registration request received for user: abhinav","service":"identity-service","timestamp":"2025-12-25T19:27:37.682Z"}
{"level":"info","message":"User registered successfully: abhinav","service":"identity-service","timestamp":"2025-12-25T19:27:37.961Z"}
{"level":"info","message":"Recieved POST request for /api/auth/register with body [object Object]","service":"identity-service","timestamp":"2025-12-25T19:32:26.190Z"}
{"level":"info","message":"Registration request received for user: abhinav","service":"identity-service","timestamp":"2025-12-25T19:32:26.193Z"}
{"level":"warn","message":"Registration attempt with existing email or username: abhinavprajapati351@gmail.com","service":"identity-service","timestamp":"2025-12-25T19:32:26.267Z"}
{"level":"info","message":"Identity Service Auth running on port 3001","service":"identity-service","timestamp":"2025-12-25T19:40:27.307Z"}
{"level":"info","message":"Connected to Redis","service":"identity-service","timestamp":"2025-12-25T19:40:27.314Z"}
{"level":"info","message":"Connected to MongoDB","service":"identity-service","timestamp":"2025-12-25T19:40:27.958Z"}
{"level":"info","message":"Identity Service Auth running on port 3001","service":"identity-service","timestamp":"2025-12-25T20:57:45.646Z"}
{"level":"info","message":"Connected to Redis","service":"identity-service","timestamp":"2025-12-25T20:57:45.669Z"}
{"level":"info","message":"Connected to MongoDB","service":"identity-service","timestamp":"2025-12-25T20:57:46.777Z"}
